Starting server with Config HP="127.0.0.1:41759"|T="28800000"|R="false"|L="info"
time="2026-03-29T15:29:57+02:00" level=info msg="Creating root@localhost superuser"
time="2026-03-29T15:29:57+02:00" level=info msg="Server ready. Accepting connections."
time="2026-03-29T15:29:57+02:00" level=warning msg="secure_file_priv is set to \"\", which is insecure."
time="2026-03-29T15:29:57+02:00" level=warning msg="Any user with GRANT FILE privileges will be able to read any file which the sql-server process can read."
time="2026-03-29T15:29:57+02:00" level=warning msg="Please consider restarting the server with secure_file_priv set to a safe (or non-existent) directory."
time="2026-03-29T15:29:58+02:00" level=info msg=NewConnection DisableClientMultiStatements=false connectionID=1
time="2026-03-29T15:29:58+02:00" level=info msg=ConnectionClosed connectionID=1
time="2026-03-29T15:29:58+02:00" level=info msg=NewConnection DisableClientMultiStatements=false connectionID=2
time="2026-03-29T15:29:58+02:00" level=info msg=ConnectionClosed connectionID=2
time="2026-03-29T15:29:58+02:00" level=info msg=NewConnection DisableClientMultiStatements=false connectionID=3
time="2026-03-29T15:29:58+02:00" level=info msg=ConnectionClosed connectionID=3
time="2026-03-29T15:29:58+02:00" level=info msg=NewConnection DisableClientMultiStatements=false connectionID=4
time="2026-03-29T15:29:58+02:00" level=info msg=ConnectionClosed connectionID=4
time="2026-03-29T15:29:58+02:00" level=info msg=NewConnection DisableClientMultiStatements=false connectionID=5
time="2026-03-29T15:29:58+02:00" level=info msg=ConnectionClosed connectionID=5
time="2026-04-01T11:05:55+02:00" level=info msg=NewConnection DisableClientMultiStatements=false connectionID=6
time="2026-04-01T11:05:55+02:00" level=info msg=ConnectionClosed connectionID=6
time="2026-04-01T11:05:55+02:00" level=info msg=NewConnection DisableClientMultiStatements=false connectionID=7
time="2026-04-01T11:05:55+02:00" level=info msg=ConnectionClosed connectionID=7
time="2026-04-01T11:05:55+02:00" level=info msg=NewConnection DisableClientMultiStatements=false connectionID=8
time="2026-04-01T11:05:55+02:00" level=info msg=ConnectionClosed connectionID=8
time="2026-04-01T11:05:55+02:00" level=info msg=NewConnection DisableClientMultiStatements=false connectionID=9
time="2026-04-01T11:05:55+02:00" level=info msg=ConnectionClosed connectionID=9
time="2026-04-01T11:07:49+02:00" level=info msg=NewConnection DisableClientMultiStatements=false connectionID=10
time="2026-04-01T11:07:49+02:00" level=info msg=ConnectionClosed connectionID=10
time="2026-04-01T11:07:49+02:00" level=info msg=NewConnection DisableClientMultiStatements=false connectionID=11
time="2026-04-01T11:07:49+02:00" level=info msg=ConnectionClosed connectionID=11
time="2026-04-01T11:07:49+02:00" level=info msg=NewConnection DisableClientMultiStatements=false connectionID=13
time="2026-04-01T11:07:49+02:00" level=info msg=NewConnection DisableClientMultiStatements=false connectionID=12
time="2026-04-01T11:07:49+02:00" level=info msg=ConnectionClosed connectionID=12
time="2026-04-01T11:07:49+02:00" level=info msg=ConnectionClosed connectionID=13
time="2026-04-02T18:55:32+02:00" level=info msg=NewConnection DisableClientMultiStatements=false connectionID=15
time="2026-04-02T18:55:32+02:00" level=info msg=NewConnection DisableClientMultiStatements=false connectionID=14
time="2026-04-02T18:55:32+02:00" level=info msg=ConnectionClosed connectionID=15
time="2026-04-02T18:55:32+02:00" level=info msg=NewConnection DisableClientMultiStatements=false connectionID=16
time="2026-04-02T18:55:32+02:00" level=info msg=NewConnection DisableClientMultiStatements=false connectionID=17
time="2026-04-02T18:55:32+02:00" level=info msg=ConnectionClosed connectionID=14
time="2026-04-02T18:55:32+02:00" level=info msg=ConnectionClosed connectionID=16
time="2026-04-02T18:55:32+02:00" level=info msg=ConnectionClosed connectionID=17
time="2026-04-02T18:56:45+02:00" level=info msg=NewConnection DisableClientMultiStatements=false connectionID=18
time="2026-04-02T18:56:45+02:00" level=info msg=ConnectionClosed connectionID=18
time="2026-04-02T18:56:45+02:00" level=info msg=NewConnection DisableClientMultiStatements=false connectionID=19
time="2026-04-02T18:56:45+02:00" level=info msg=ConnectionClosed connectionID=19
time="2026-04-02T18:56:45+02:00" level=info msg=NewConnection DisableClientMultiStatements=false connectionID=20
time="2026-04-02T18:56:45+02:00" level=info msg=ConnectionClosed connectionID=20
time="2026-04-02T18:56:45+02:00" level=info msg=NewConnection DisableClientMultiStatements=false connectionID=21
time="2026-04-02T18:56:45+02:00" level=info msg=ConnectionClosed connectionID=21
time="2026-04-03T09:33:15+02:00" level=info msg="Server closing listener. No longer accepting connections."
time="2026-04-03T09:33:15+02:00" level=info msg="stats stopped: context canceled"
Starting server with Config HP="127.0.0.1:39327"|T="28800000"|R="false"|L="warning"
time="2026-05-17T11:07:09+02:00" level=warning msg="secure_file_priv is set to \"\", which is insecure."
time="2026-05-17T11:07:09+02:00" level=warning msg="Any user with GRANT FILE privileges will be able to read any file which the sql-server process can read."
time="2026-05-17T11:07:09+02:00" level=warning msg="Please consider restarting the server with secure_file_priv set to a safe (or non-existent) directory."
